<?xml version="1.0" encoding="UTF-8"?>
<testsuite name="com.kodilla.spring.calculator.CalculatorTestSuite" tests="1" skipped="0" failures="0" errors="0" timestamp="2020-05-19T22:57:52" hostname="IBM-Komputer" time="0.336">
  <properties/>
  <testcase name="testCalculations" classname="com.kodilla.spring.calculator.CalculatorTestSuite" time="0.336"/>
  <system-out><![CDATA[00:57:50.298 [Test worker] DEBUG org.springframework.test.context.junit4.SpringJUnit4ClassRunner - SpringJUnit4ClassRunner constructor called with [class com.kodilla.spring.calculator.CalculatorTestSuite]
00:57:50.313 [Test worker] DEBUG org.springframework.test.context.BootstrapUtils - Instantiating CacheAwareContextLoaderDelegate from class [org.springframework.test.context.cache.DefaultCacheAwareContextLoaderDelegate]
00:57:50.328 [Test worker] DEBUG org.springframework.test.context.BootstrapUtils - Instantiating BootstrapContext using constructor [public org.springframework.test.context.support.DefaultBootstrapContext(java.lang.Class,org.springframework.test.context.CacheAwareContextLoaderDelegate)]
00:57:50.368 [Test worker] DEBUG org.springframework.test.context.BootstrapUtils - Instantiating TestContextBootstrapper for test class [com.kodilla.spring.calculator.CalculatorTestSuite] from class [org.springframework.boot.test.context.SpringBootTestContextBootstrapper]
00:57:50.390 [Test worker] INFO org.springframework.boot.test.context.SpringBootTestContextBootstrapper - Neither @ContextConfiguration nor @ContextHierarchy found for test class [com.kodilla.spring.calculator.CalculatorTestSuite], using SpringBootContextLoader
00:57:50.400 [Test worker] DEBUG org.springframework.test.context.support.AbstractContextLoader - Did not detect default resource location for test class [com.kodilla.spring.calculator.CalculatorTestSuite]: class path resource [com/kodilla/spring/calculator/CalculatorTestSuite-context.xml] does not exist
00:57:50.401 [Test worker] DEBUG org.springframework.test.context.support.AbstractContextLoader - Did not detect default resource location for test class [com.kodilla.spring.calculator.CalculatorTestSuite]: class path resource [com/kodilla/spring/calculator/CalculatorTestSuiteContext.groovy] does not exist
00:57:50.402 [Test worker] INFO org.springframework.test.context.support.AbstractContextLoader - Could not detect default resource locations for test class [com.kodilla.spring.calculator.CalculatorTestSuite]: no resource found for suffixes {-context.xml, Context.groovy}.
00:57:50.404 [Test worker] INFO org.springframework.test.context.support.AnnotationConfigContextLoaderUtils - Could not detect default configuration classes for test class [com.kodilla.spring.calculator.CalculatorTestSuite]: CalculatorTestSuite does not declare any static, non-private, non-final, nested classes annotated with @Configuration.
00:57:50.503 [Test worker] DEBUG org.springframework.test.context.support.ActiveProfilesUtils - Could not find an 'annotation declaring class' for annotation type [org.springframework.test.context.ActiveProfiles] and class [com.kodilla.spring.calculator.CalculatorTestSuite]
00:57:50.680 [Test worker] DEBUG org.springframework.context.annotation.ClassPathScanningCandidateComponentProvider - Identified candidate component class: file [C:\Users\IBM\IdeaProjects\kodilla-spring\build\classes\java\main\com\kodilla\spring\SpringRunner.class]
00:57:50.684 [Test worker] INFO org.springframework.boot.test.context.SpringBootTestContextBootstrapper - Found @SpringBootConfiguration com.kodilla.spring.SpringRunner for test class com.kodilla.spring.calculator.CalculatorTestSuite
00:57:50.838 [Test worker] DEBUG org.springframework.boot.test.context.SpringBootTestContextBootstrapper - @TestExecutionListeners is not present for class [com.kodilla.spring.calculator.CalculatorTestSuite]: using defaults.
00:57:50.839 [Test worker] INFO org.springframework.boot.test.context.SpringBootTestContextBootstrapper - Loaded default TestExecutionListener class names from location [META-INF/spring.factories]: [org.springframework.boot.test.autoconfigure.restdocs.RestDocsTestExecutionListener, org.springframework.boot.test.autoconfigure.web.client.MockRestServiceServerResetTestExecutionListener, org.springframework.boot.test.autoconfigure.web.servlet.MockMvcPrintOnlyOnFailureTestExecutionListener, org.springframework.boot.test.autoconfigure.web.servlet.WebDriverTestExecutionListener, org.springframework.boot.test.mock.mockito.MockitoTestExecutionListener, org.springframework.boot.test.mock.mockito.ResetMocksTestExecutionListener, org.springframework.test.context.web.ServletTestExecutionListener, org.springframework.test.context.support.DirtiesContextBeforeModesTestExecutionListener, org.springframework.test.context.support.DependencyInjectionTestExecutionListener, org.springframework.test.context.support.DirtiesContextTestExecutionListener, org.springframework.test.context.transaction.TransactionalTestExecutionListener, org.springframework.test.context.jdbc.SqlScriptsTestExecutionListener]
00:57:50.854 [Test worker] DEBUG org.springframework.boot.test.context.SpringBootTestContextBootstrapper - Skipping candidate TestExecutionListener [org.springframework.test.context.web.ServletTestExecutionListener] due to a missing dependency. Specify custom listener classes or make the default listener classes and their required dependencies available. Offending class: [javax/servlet/ServletContext]
00:57:50.857 [Test worker] DEBUG org.springframework.boot.test.context.SpringBootTestContextBootstrapper - Skipping candidate TestExecutionListener [org.springframework.test.context.transaction.TransactionalTestExecutionListener] due to a missing dependency. Specify custom listener classes or make the default listener classes and their required dependencies available. Offending class: [org/springframework/transaction/interceptor/TransactionAttributeSource]
00:57:50.859 [Test worker] DEBUG org.springframework.boot.test.context.SpringBootTestContextBootstrapper - Skipping candidate TestExecutionListener [org.springframework.test.context.jdbc.SqlScriptsTestExecutionListener] due to a missing dependency. Specify custom listener classes or make the default listener classes and their required dependencies available. Offending class: [org/springframework/transaction/interceptor/TransactionAttribute]
00:57:50.860 [Test worker] INFO org.springframework.boot.test.context.SpringBootTestContextBootstrapper - Using TestExecutionListeners: [org.springframework.test.context.support.DirtiesContextBeforeModesTestExecutionListener@20e1f253, org.springframework.boot.test.mock.mockito.MockitoTestExecutionListener@5e585c6b, org.springframework.boot.test.autoconfigure.SpringBootDependencyInjectionTestExecutionListener@72dd25d0, org.springframework.test.context.support.DirtiesContextTestExecutionListener@35062af1, org.springframework.boot.test.autoconfigure.restdocs.RestDocsTestExecutionListener@1ada2568, org.springframework.boot.test.autoconfigure.web.client.MockRestServiceServerResetTestExecutionListener@67d995c, org.springframework.boot.test.autoconfigure.web.servlet.MockMvcPrintOnlyOnFailureTestExecutionListener@1d95cfe6, org.springframework.boot.test.autoconfigure.web.servlet.WebDriverTestExecutionListener@19403f07, org.springframework.boot.test.mock.mockito.ResetMocksTestExecutionListener@527ab822]
00:57:50.866 [Test worker] DEBUG org.springframework.test.annotation.ProfileValueUtils - Retrieved @ProfileValueSourceConfiguration [null] for test class [com.kodilla.spring.calculator.CalculatorTestSuite]
00:57:50.867 [Test worker] DEBUG org.springframework.test.annotation.ProfileValueUtils - Retrieved ProfileValueSource type [class org.springframework.test.annotation.SystemProfileValueSource] for class [com.kodilla.spring.calculator.CalculatorTestSuite]
00:57:50.874 [Test worker] DEBUG org.springframework.test.annotation.ProfileValueUtils - Retrieved @ProfileValueSourceConfiguration [null] for test class [com.kodilla.spring.calculator.CalculatorTestSuite]
00:57:50.875 [Test worker] DEBUG org.springframework.test.annotation.ProfileValueUtils - Retrieved ProfileValueSource type [class org.springframework.test.annotation.SystemProfileValueSource] for class [com.kodilla.spring.calculator.CalculatorTestSuite]
00:57:50.876 [Test worker] DEBUG org.springframework.test.annotation.ProfileValueUtils - Retrieved @ProfileValueSourceConfiguration [null] for test class [com.kodilla.spring.calculator.CalculatorTestSuite]
00:57:50.876 [Test worker] DEBUG org.springframework.test.annotation.ProfileValueUtils - Retrieved ProfileValueSource type [class org.springframework.test.annotation.SystemProfileValueSource] for class [com.kodilla.spring.calculator.CalculatorTestSuite]
00:57:50.888 [Test worker] DEBUG org.springframework.test.context.support.AbstractDirtiesContextTestExecutionListener - Before test class: context [DefaultTestContext@5e7d89dd testClass = CalculatorTestSuite, testInstance = [null], testMethod = [null], testException = [null], mergedContextConfiguration = [MergedContextConfiguration@32fc4f67 testClass = CalculatorTestSuite, locations = '{}', classes = '{class com.kodilla.spring.SpringRunner}', contextInitializerClasses = '[]', activeProfiles = '{}', propertySourceLocations = '{}', propertySourceProperties = '{org.springframework.boot.test.context.SpringBootTestContextBootstrapper=true}', contextCustomizers = set[org.springframework.boot.test.autoconfigure.properties.PropertyMappingContextCustomizer@0, org.springframework.boot.test.autoconfigure.web.servlet.WebDriverContextCustomizerFactory$Customizer@509967af, org.springframework.boot.test.context.filter.ExcludeFilterContextCustomizer@3f8e1676, org.springframework.boot.test.json.DuplicateJsonObjectContextCustomizerFactory$DuplicateJsonObjectContextCustomizer@550b07c1, org.springframework.boot.test.mock.mockito.MockitoContextCustomizer@0, org.springframework.boot.test.web.client.TestRestTemplateContextCustomizer@6e981e05], contextLoader = 'org.springframework.boot.test.context.SpringBootContextLoader', parent = [null]], attributes = map[[empty]]], class annotated with @DirtiesContext [false] with mode [null].
00:57:50.890 [Test worker] DEBUG org.springframework.test.annotation.ProfileValueUtils - Retrieved @ProfileValueSourceConfiguration [null] for test class [com.kodilla.spring.calculator.CalculatorTestSuite]
00:57:50.890 [Test worker] DEBUG org.springframework.test.annotation.ProfileValueUtils - Retrieved ProfileValueSource type [class org.springframework.test.annotation.SystemProfileValueSource] for class [com.kodilla.spring.calculator.CalculatorTestSuite]
00:57:50.898 [Test worker] DEBUG org.springframework.test.context.support.DependencyInjectionTestExecutionListener - Performing dependency injection for test context [[DefaultTestContext@5e7d89dd testClass = CalculatorTestSuite, testInstance = com.kodilla.spring.calculator.CalculatorTestSuite@54d28441, testMethod = [null], testException = [null], mergedContextConfiguration = [MergedContextConfiguration@32fc4f67 testClass = CalculatorTestSuite, locations = '{}', classes = '{class com.kodilla.spring.SpringRunner}', contextInitializerClasses = '[]', activeProfiles = '{}', propertySourceLocations = '{}', propertySourceProperties = '{org.springframework.boot.test.context.SpringBootTestContextBootstrapper=true}', contextCustomizers = set[org.springframework.boot.test.autoconfigure.properties.PropertyMappingContextCustomizer@0, org.springframework.boot.test.autoconfigure.web.servlet.WebDriverContextCustomizerFactory$Customizer@509967af, org.springframework.boot.test.context.filter.ExcludeFilterContextCustomizer@3f8e1676, org.springframework.boot.test.json.DuplicateJsonObjectContextCustomizerFactory$DuplicateJsonObjectContextCustomizer@550b07c1, org.springframework.boot.test.mock.mockito.MockitoContextCustomizer@0, org.springframework.boot.test.web.client.TestRestTemplateContextCustomizer@6e981e05], contextLoader = 'org.springframework.boot.test.context.SpringBootContextLoader', parent = [null]], attributes = map[[empty]]]].
00:57:50.940 [Test worker] DEBUG org.springframework.test.context.support.TestPropertySourceUtils - Adding inlined properties to environment: {spring.jmx.enabled=false, org.springframework.boot.test.context.SpringBootTestContextBootstrapper=true, server.port=-1}

  .   ____          _            __ _ _
 /\\ / ___'_ __ _ _(_)_ __  __ _ \ \ \ \
( ( )\___ | '_ | '_| | '_ \/ _` | \ \ \ \
 \\/  ___)| |_)| | | | | || (_| |  ) ) ) )
  '  |____| .__|_| |_|_| |_\__, | / / / /
 =========|_|==============|___/=/_/_/_/
 :: Spring Boot ::       (v2.1.14.RELEASE)

2020-05-20 00:57:51.352  INFO 7624 --- [    Test worker] c.k.s.calculator.CalculatorTestSuite     : Starting CalculatorTestSuite on IBM-Komputer with PID 7624 (started by IBM in C:\Users\IBM\IdeaProjects\kodilla-spring)
2020-05-20 00:57:51.354  INFO 7624 --- [    Test worker] c.k.s.calculator.CalculatorTestSuite     : No active profile set, falling back to default profiles: default
2020-05-20 00:57:52.360  INFO 7624 --- [    Test worker] c.k.s.calculator.CalculatorTestSuite     : Started CalculatorTestSuite in 1.416 seconds (JVM running for 3.329)
3.0
-1.0
2.0
0.5
]]></system-out>
  <system-err><![CDATA[]]></system-err>
</testsuite>
